*********************************************************************
* LD Score Regression (LDSC)
* Version 1.0.1
* (C) 2014-2019 Brendan Bulik-Sullivan and Hilary Finucane
* Broad Institute of MIT and Harvard / MIT Department of Mathematics
* GNU General Public License v3
*********************************************************************
Call: 
./ldsc.py \
--h2 Howe.Cog.direct.munged.sumstats.gz \
--ref-ld-chr ./baselineLD_v2.2/baselineLD. \
--out Howe.Cog.direct.LDSC_h2.baselineLD_model \
--w-ld-chr ./1000G_Phase3_weights_hm3_no_MHC/weights.hm3_noMHC. 

Beginning analysis at Wed Oct  9 16:20:49 2024
Reading summary statistics from Howe.Cog.direct.munged.sumstats.gz ...
Read summary statistics for 1092034 SNPs.
Reading reference panel LD Score from ./baselineLD_v2.2/baselineLD.[1-22] ... (ldscore_fromlist)
Read reference panel LD Scores for 1190321 SNPs.
Removing partitioned LD Scores with zero variance.
Reading regression weight LD Score from ./1000G_Phase3_weights_hm3_no_MHC/weights.hm3_noMHC.[1-22] ... (ldscore_fromlist)
Read regression weight LD Scores for 1187349 SNPs.
After merging with reference panel LD, 1082111 SNPs remain.
After merging with regression SNP LD, 1079535 SNPs remain.
Removed 0 SNPs with chi^2 > 80 (1079535 SNPs remain)
Total Observed scale h2: 0.1146 (0.0674)
Categories: baseL2_0 Coding_UCSCL2_0 Coding_UCSC.flanking.500L2_0 Conserved_LindbladTohL2_0 Conserved_LindbladToh.flanking.500L2_0 CTCF_HoffmanL2_0 CTCF_Hoffman.flanking.500L2_0 DGF_ENCODEL2_0 DGF_ENCODE.flanking.500L2_0 DHS_peaks_TrynkaL2_0 DHS_TrynkaL2_0 DHS_Trynka.flanking.500L2_0 Enhancer_AnderssonL2_0 Enhancer_Andersson.flanking.500L2_0 Enhancer_HoffmanL2_0 Enhancer_Hoffman.flanking.500L2_0 FetalDHS_TrynkaL2_0 FetalDHS_Trynka.flanking.500L2_0 H3K27ac_HniszL2_0 H3K27ac_Hnisz.flanking.500L2_0 H3K27ac_PGC2L2_0 H3K27ac_PGC2.flanking.500L2_0 H3K4me1_peaks_TrynkaL2_0 H3K4me1_TrynkaL2_0 H3K4me1_Trynka.flanking.500L2_0 H3K4me3_peaks_TrynkaL2_0 H3K4me3_TrynkaL2_0 H3K4me3_Trynka.flanking.500L2_0 H3K9ac_peaks_TrynkaL2_0 H3K9ac_TrynkaL2_0 H3K9ac_Trynka.flanking.500L2_0 Intron_UCSCL2_0 Intron_UCSC.flanking.500L2_0 PromoterFlanking_HoffmanL2_0 PromoterFlanking_Hoffman.flanking.500L2_0 Promoter_UCSCL2_0 Promoter_UCSC.flanking.500L2_0 Repressed_HoffmanL2_0 Repressed_Hoffman.flanking.500L2_0 SuperEnhancer_HniszL2_0 SuperEnhancer_Hnisz.flanking.500L2_0 TFBS_ENCODEL2_0 TFBS_ENCODE.flanking.500L2_0 Transcr_HoffmanL2_0 Transcr_Hoffman.flanking.500L2_0 TSS_HoffmanL2_0 TSS_Hoffman.flanking.500L2_0 UTR_3_UCSCL2_0 UTR_3_UCSC.flanking.500L2_0 UTR_5_UCSCL2_0 UTR_5_UCSC.flanking.500L2_0 WeakEnhancer_HoffmanL2_0 WeakEnhancer_Hoffman.flanking.500L2_0 GERP.NSL2_0 GERP.RSsup4L2_0 MAFbin1L2_0 MAFbin2L2_0 MAFbin3L2_0 MAFbin4L2_0 MAFbin5L2_0 MAFbin6L2_0 MAFbin7L2_0 MAFbin8L2_0 MAFbin9L2_0 MAFbin10L2_0 MAF_Adj_Predicted_Allele_AgeL2_0 MAF_Adj_LLD_AFRL2_0 Recomb_Rate_10kbL2_0 Nucleotide_Diversity_10kbL2_0 Backgrd_Selection_StatL2_0 CpG_Content_50kbL2_0 MAF_Adj_ASMCL2_0 GTEx_eQTL_MaxCPPL2_0 BLUEPRINT_H3K27acQTL_MaxCPPL2_0 BLUEPRINT_H3K4me1QTL_MaxCPPL2_0 BLUEPRINT_DNA_methylation_MaxCPPL2_0 synonymousL2_0 non_synonymousL2_0 Conserved_Vertebrate_phastCons46wayL2_0 Conserved_Vertebrate_phastCons46way.flanking.500L2_0 Conserved_Mammal_phastCons46wayL2_0 Conserved_Mammal_phastCons46way.flanking.500L2_0 Conserved_Primate_phastCons46wayL2_0 Conserved_Primate_phastCons46way.flanking.500L2_0 BivFlnkL2_0 BivFlnk.flanking.500L2_0 Human_Promoter_VillarL2_0 Human_Promoter_Villar.flanking.500L2_0 Human_Enhancer_VillarL2_0 Human_Enhancer_Villar.flanking.500L2_0 Ancient_Sequence_Age_Human_PromoterL2_0 Ancient_Sequence_Age_Human_Promoter.flanking.500L2_0 Ancient_Sequence_Age_Human_EnhancerL2_0 Ancient_Sequence_Age_Human_Enhancer.flanking.500L2_0 Human_Enhancer_Villar_Species_Enhancer_CountL2_0 Human_Promoter_Villar_ExACL2_0 Human_Promoter_Villar_ExAC.flanking.500L2_0
Observed scale h2: -6.9188e-01  1.9765e-02 -4.7336e-02 -1.1285e-01  6.2251e-02 -1.0194e-01  1.7445e-02  2.0460e-01  2.5406e-01 -6.3063e-02 -1.0156e-01  1.2535e-01 -1.7877e-02 -6.4486e-02  8.6389e-02 -2.5081e-01  1.9389e-01 -1.6691e-01 -2.0907e-02 -3.2442e-02  9.3013e-02 -1.0567e-01 -1.8829e-01  3.6051e-01  7.7584e-02 -1.6493e-01  3.9179e-02  5.6904e-02  1.0110e-01 -4.7841e-02 -1.8750e-01 -4.9415e-02  2.1972e-02 -3.0018e-02  6.2175e-02 -9.1294e-03 -1.6609e-02  1.3254e-02  7.4401e-02  1.1621e-02 -1.8176e-02  2.3835e-02 -1.6351e-01  1.6387e-01 -1.6317e-02 -4.6059e-02  3.0698e-02 -3.3344e-02  2.7210e-02 -2.7629e-02  2.0017e-02 -1.3010e-02  9.6426e-02  2.3653e-02 -2.0702e-03  6.1672e-03  5.8647e-02 -8.0304e-03  2.9167e-02 -2.2717e-02 -4.7084e-03  1.2471e-02  5.6250e-02  2.1491e-02 -1.3264e-03 -2.4405e-07 -1.2597e-04 -7.5695e-02  2.2326e-01  2.1616e-02  2.0157e-01  9.9683e-16  1.6910e-03 -4.2102e-02 -1.5907e-02 -1.9240e-02 -1.0413e-02 -3.6249e-03 -1.7620e-03  1.7425e-01  7.3132e-02 -2.5824e-01  1.1899e-01
   4.4681e-02 -1.6444e-02  4.6441e-02  4.6384e-03  5.7632e-04  4.9694e-02 -4.0950e-03  4.4313e-03 -8.3464e-03  5.5503e-04 -1.5965e-02 -4.2898e-03  2.4620e-02 -1.6285e-02
Observed scale h2 SE: 4.1420e-01 4.7579e-02 4.8539e-02 9.2342e-02 1.6560e-01 4.5965e-02 5.9068e-02 1.4420e-01 2.0664e-01 2.2910e-01 2.7708e-01 2.4325e-01 1.9597e-02 3.0190e-02 6.0220e-02 6.0952e-02 1.4861e-01 1.6886e-01 1.2196e-01 5.0882e-02 1.2409e-01 7.5248e-02 1.9031e-01 2.4441e-01 1.1253e-01 8.8477e-02 1.1847e-01 9.5085e-02 8.0640e-02 1.0221e-01 9.3896e-02 4.2644e-02 3.3954e-02 2.6924e-02 4.1679e-02 5.0214e-02 3.3056e-02 1.8778e-01 1.2430e-01 4.7010e-02 1.7889e-02 1.0751e-01 1.4022e-01 9.6199e-02 1.7873e-01 3.8297e-02 3.8798e-02 2.6349e-02 2.1419e-02 1.3488e-02 4.1870e-02 4.4654e-02 7.8747e-02 2.0979e-01 3.4587e-02 2.5283e-02 2.3832e-02 2.2448e-02 2.2824e-02 2.2700e-02 2.3058e-02 2.4199e-02 2.2411e-02 2.4805e-02 2.2362e-02 3.4549e-07 1.8337e-04 7.0801e-02 1.3566e-01 3.4879e-02 1.5863e-01 1.9161e-15 2.4959e-02 4.2368e-02 3.2652e-02 5.1327e-02 2.0908e-02 1.8669e-02 5.2813e-02 3.6707e-01 9.2111e-02 3.6827e-01 6.0463e-02 1.1101e-01 2.9272e-02 3.6628e-02 3.0167e-02 1.9477e-02 4.5707e-02 3.0629e-02
  2.2951e-02 2.5449e-02 2.7062e-02 2.9275e-02 1.8167e-02 9.1564e-03 8.5397e-03
Proportion of SNPs: 5.5429e-02  7.9037e-04  2.7361e-03  1.3675e-03  1.6935e-02  1.3200e-03  2.6040e-03  7.5030e-03  2.2330e-02  6.0949e-03  9.1869e-03  1.8295e-02  2.3911e-04  8.1529e-04  2.3237e-03  2.6540e-03  4.6384e-03  1.1059e-02  2.1564e-02  1.7413e-03  1.4884e-02  3.6928e-03  9.3602e-03  2.3472e-02  1.0102e-02  2.2930e-03  7.3657e-03  6.7709e-03  2.1166e-03  6.9453e-03  5.7906e-03  2.1476e-02  5.1772e-04  4.5878e-04  1.3795e-03  2.5683e-03  5.8698e-04  2.5498e-02  1.4325e-02  9.2680e-03  1.7590e-04  7.2596e-03  1.1644e-02  1.9134e-02  2.3098e-02  9.8701e-04  9.1633e-04  6.1903e-04  8.4668e-04  3.0265e-04  1.1855e-03  1.1588e-03  3.7591e-03  9.6741e-02  4.5174e-04  5.6735e-03  5.5349e-03  5.5211e-03  5.5814e-03  5.4496e-03  5.5230e-03  5.5281e-03  5.5556e-03  5.6038e-03  5.4576e-03  1.8804e-07  1.5500e-04  8.6049e-02  2.5545e-01  9.8508e-03  5.5716e-04 -1.3018e-15  5.7316e-04  9.1710e-04  7.4122e-04  1.7588e-03  1.7294e-04  1.5051e-04  1.6316e-03  2.0926e-02  1.1884e-03  1.7614e-02  1.0681e-03
   8.6774e-03  7.5102e-04  9.7721e-04  8.4346e-04  1.9893e-04  1.8418e-03  5.4308e-04  2.3117e-04  2.9490e-04  2.8480e-04  5.0034e-04  3.6740e-03  1.3839e-04  3.1986e-05
Proportion of h2g: -6.0362e+00  1.7243e-01 -4.1297e-01 -9.8454e-01  5.4309e-01 -8.8935e-01  1.5219e-01  1.7850e+00  2.2165e+00 -5.5018e-01 -8.8602e-01  1.0936e+00 -1.5596e-01 -5.6259e-01  7.5368e-01 -2.1881e+00  1.6915e+00 -1.4562e+00 -1.8240e-01 -2.8303e-01  8.1147e-01 -9.2192e-01 -1.6427e+00  3.1452e+00  6.7686e-01 -1.4389e+00  3.4180e-01  4.9645e-01  8.8203e-01 -4.1737e-01 -1.6358e+00 -4.3111e-01  1.9169e-01 -2.6189e-01  5.4243e-01 -7.9648e-02 -1.4490e-01  1.1563e-01  6.4910e-01  1.0139e-01 -1.5857e-01  2.0795e-01 -1.4265e+00  1.4297e+00 -1.4235e-01 -4.0183e-01  2.6782e-01 -2.9090e-01  2.3739e-01 -2.4104e-01  1.7463e-01 -1.1350e-01  8.4125e-01  2.0635e-01 -1.8061e-02  5.3804e-02  5.1165e-01 -7.0059e-02  2.5446e-01 -1.9819e-01 -4.1078e-02  1.0880e-01  4.9074e-01  1.8749e-01 -1.1572e-02 -2.1291e-06 -1.0990e-03 -6.6039e-01  1.9478e+00  1.8858e-01  1.7586e+00  8.6966e-15  1.4753e-02 -3.6731e-01 -1.3878e-01 -1.6786e-01 -9.0848e-02 -3.1625e-02 -1.5372e-02  1.5202e+00  6.3802e-01 -2.2529e+00  1.0381e+00
   3.8980e-01 -1.4346e-01  4.0517e-01  4.0466e-02  5.0280e-03  4.3354e-01 -3.5725e-02  3.8660e-02 -7.2817e-02  4.8422e-03 -1.3928e-01 -3.7425e-02  2.1479e-01 -1.4208e-01
Enrichment: -1.0890e+02  2.1817e+02 -1.5093e+02 -7.1998e+02  3.2069e+01 -6.7374e+02  5.8445e+01  2.3791e+02  9.9261e+01 -9.0268e+01 -9.6444e+01  5.9776e+01 -6.5228e+02 -6.9005e+02  3.2434e+02 -8.2444e+02  3.6468e+02 -1.3167e+02 -8.4584e+00 -1.6254e+02  5.4520e+01 -2.4965e+02 -1.7550e+02  1.3400e+02  6.7005e+01 -6.2752e+02  4.6405e+01  7.3321e+01  4.1672e+02 -6.0094e+01 -2.8249e+02 -2.0074e+01  3.7026e+02 -5.7084e+02  3.9322e+02 -3.1012e+01 -2.4686e+02  4.5349e+00  4.5313e+01  1.0939e+01 -9.0152e+02  2.8644e+01 -1.2251e+02  7.4721e+01 -6.1631e+00 -4.0712e+02  2.9227e+02 -4.6993e+02  2.8038e+02 -7.9644e+02  1.4731e+02 -9.7952e+01  2.2379e+02  2.1330e+00 -3.9981e+01  9.4833e+00  9.2442e+01 -1.2689e+01  4.5590e+01 -3.6368e+01 -7.4375e+00  1.9681e+01  8.8333e+01  3.3457e+01 -2.1203e+00 -1.1323e+01 -7.0901e+00 -7.6746e+00  7.6249e+00  1.9144e+01  3.1563e+03 -6.6807e+00  2.5739e+01 -4.0051e+02 -1.8723e+02 -9.5439e+01 -5.2532e+02 -2.1011e+02 -9.4215e+00  7.2644e+01  5.3689e+02 -1.2790e+02  9.7195e+02
   4.4922e+01 -1.9102e+02  4.1462e+02  4.7977e+01  2.5275e+01  2.3540e+02 -6.5783e+01  1.6723e+02 -2.4692e+02  1.7002e+01 -2.7837e+02 -1.0187e+01  1.5521e+03 -4.4418e+03
Coefficients: -1.1606e-07  2.3252e-07 -1.6086e-07 -7.6736e-07  3.4179e-08 -7.1808e-07  6.2291e-08  2.5356e-07  1.0579e-07 -9.6208e-08 -1.0279e-07  6.3709e-08 -6.9520e-07 -7.3545e-07  3.4568e-07 -8.7869e-07  3.8868e-07 -1.4034e-07 -9.0149e-09 -1.7323e-07  5.8108e-08 -2.6608e-07 -1.8705e-07  1.4282e-07  7.1414e-08 -6.6881e-07  4.9458e-08  7.8145e-08  4.4414e-07 -6.4048e-08 -3.0108e-07 -2.1395e-08  3.9463e-07 -6.0840e-07  4.1909e-07 -3.3052e-08 -2.6310e-07  4.8333e-09  4.8294e-08  1.1659e-08 -9.6084e-07  3.0529e-08 -1.3058e-07  7.9637e-08 -6.5686e-09 -4.3391e-07  3.1150e-07 -5.0085e-07  2.9883e-07 -8.4885e-07  1.5700e-07 -1.0440e-07  2.3851e-07  2.2734e-09 -4.2611e-08  1.0107e-08  9.8525e-08 -1.3524e-08  4.8590e-08 -3.8761e-08 -7.9269e-09  2.0976e-08  9.4145e-08  3.5659e-08 -2.2599e-09 -1.2068e-08 -7.5566e-09 -8.1795e-09  8.1266e-09  2.0403e-08  3.3640e-06 -7.1203e-09  2.7433e-08 -4.2686e-07 -1.9955e-07 -1.0172e-07 -5.5989e-07 -2.2394e-07 -1.0041e-08  7.7424e-08  5.7222e-07 -1.3632e-07  1.0359e-06
   4.7878e-08 -2.0359e-07  4.4190e-07  5.1134e-08  2.6938e-08  2.5089e-07 -7.0112e-08  1.7824e-07 -2.6316e-07  1.8121e-08 -2.9669e-07 -1.0857e-08  1.6543e-06 -4.7341e-06
Coefficient SE: 6.9484e-08 5.5975e-07 1.6495e-07 6.2790e-07 9.0923e-08 3.2378e-07 2.1092e-07 1.7871e-07 8.6046e-08 3.4952e-07 2.8044e-07 1.2363e-07 7.6209e-07 3.4431e-07 2.4097e-07 2.1354e-07 2.9790e-07 1.4197e-07 5.2590e-08 2.7170e-07 7.7522e-08 1.8947e-07 1.8905e-07 9.6822e-08 1.0358e-07 3.5878e-07 1.4956e-07 1.3058e-07 3.5425e-07 1.3684e-07 1.5077e-07 1.8463e-08 6.0981e-07 5.4569e-07 2.8094e-07 1.8180e-07 5.2363e-07 6.8476e-08 8.0685e-08 4.7163e-08 9.4564e-07 1.3771e-07 1.1198e-07 4.6750e-08 7.1949e-08 3.6078e-07 3.9370e-07 3.9578e-07 2.3523e-07 4.1439e-07 3.2841e-07 3.5831e-07 1.9478e-07 2.0164e-08 7.1191e-07 4.1437e-08 4.0037e-08 3.7806e-08 3.8023e-08 3.8732e-08 3.8819e-08 4.0703e-08 3.7509e-08 4.1158e-08 3.8099e-08 1.7084e-08 1.1000e-08 7.6506e-09 4.9379e-09 3.2923e-08 2.6474e-06 1.3686e-08 4.0491e-07 4.2956e-07 4.0960e-07 2.7135e-07 1.1241e-06 1.1533e-06 3.0098e-07 1.6310e-07 7.2072e-07 1.9441e-07 5.2638e-07 1.1896e-07 3.6241e-07 3.4852e-07 3.3256e-07 9.1039e-07 2.3076e-07 5.2441e-07
  9.2313e-07 8.0239e-07 8.8353e-07 5.4404e-07 4.5977e-08 6.1522e-07 2.4825e-06
Lambda GC: 1.0357
Mean Chi^2: 1.0393
Intercept: 1.0131 (0.008)
Ratio: 0.3324 (0.2041)
Analysis finished at Wed Oct  9 16:21:24 2024
Total time elapsed: 35.04s
