*********************************************************************
* LD Score Regression (LDSC)
* Version 1.0.1
* (C) 2014-2019 Brendan Bulik-Sullivan and Hilary Finucane
* Broad Institute of MIT and Harvard / MIT Department of Mathematics
* GNU General Public License v3
*********************************************************************
Call: 
./ldsc.py \
--h2 Howe.Cog.population.munged.sumstats.gz \
--ref-ld-chr ./baselineLD_v2.2/baselineLD. \
--out Howe.Cog.population.LDSC_h2.baselineLD_model \
--w-ld-chr ./1000G_Phase3_weights_hm3_no_MHC/weights.hm3_noMHC. 

Beginning analysis at Wed Oct  9 16:20:04 2024
Reading summary statistics from Howe.Cog.population.munged.sumstats.gz ...
Read summary statistics for 1092034 SNPs.
Reading reference panel LD Score from ./baselineLD_v2.2/baselineLD.[1-22] ... (ldscore_fromlist)
Read reference panel LD Scores for 1190321 SNPs.
Removing partitioned LD Scores with zero variance.
Reading regression weight LD Score from ./1000G_Phase3_weights_hm3_no_MHC/weights.hm3_noMHC.[1-22] ... (ldscore_fromlist)
Read regression weight LD Scores for 1187349 SNPs.
After merging with reference panel LD, 1082111 SNPs remain.
After merging with regression SNP LD, 1079535 SNPs remain.
Removed 0 SNPs with chi^2 > 80 (1079535 SNPs remain)
Total Observed scale h2: 0.1565 (0.0399)
Categories: baseL2_0 Coding_UCSCL2_0 Coding_UCSC.flanking.500L2_0 Conserved_LindbladTohL2_0 Conserved_LindbladToh.flanking.500L2_0 CTCF_HoffmanL2_0 CTCF_Hoffman.flanking.500L2_0 DGF_ENCODEL2_0 DGF_ENCODE.flanking.500L2_0 DHS_peaks_TrynkaL2_0 DHS_TrynkaL2_0 DHS_Trynka.flanking.500L2_0 Enhancer_AnderssonL2_0 Enhancer_Andersson.flanking.500L2_0 Enhancer_HoffmanL2_0 Enhancer_Hoffman.flanking.500L2_0 FetalDHS_TrynkaL2_0 FetalDHS_Trynka.flanking.500L2_0 H3K27ac_HniszL2_0 H3K27ac_Hnisz.flanking.500L2_0 H3K27ac_PGC2L2_0 H3K27ac_PGC2.flanking.500L2_0 H3K4me1_peaks_TrynkaL2_0 H3K4me1_TrynkaL2_0 H3K4me1_Trynka.flanking.500L2_0 H3K4me3_peaks_TrynkaL2_0 H3K4me3_TrynkaL2_0 H3K4me3_Trynka.flanking.500L2_0 H3K9ac_peaks_TrynkaL2_0 H3K9ac_TrynkaL2_0 H3K9ac_Trynka.flanking.500L2_0 Intron_UCSCL2_0 Intron_UCSC.flanking.500L2_0 PromoterFlanking_HoffmanL2_0 PromoterFlanking_Hoffman.flanking.500L2_0 Promoter_UCSCL2_0 Promoter_UCSC.flanking.500L2_0 Repressed_HoffmanL2_0 Repressed_Hoffman.flanking.500L2_0 SuperEnhancer_HniszL2_0 SuperEnhancer_Hnisz.flanking.500L2_0 TFBS_ENCODEL2_0 TFBS_ENCODE.flanking.500L2_0 Transcr_HoffmanL2_0 Transcr_Hoffman.flanking.500L2_0 TSS_HoffmanL2_0 TSS_Hoffman.flanking.500L2_0 UTR_3_UCSCL2_0 UTR_3_UCSC.flanking.500L2_0 UTR_5_UCSCL2_0 UTR_5_UCSC.flanking.500L2_0 WeakEnhancer_HoffmanL2_0 WeakEnhancer_Hoffman.flanking.500L2_0 GERP.NSL2_0 GERP.RSsup4L2_0 MAFbin1L2_0 MAFbin2L2_0 MAFbin3L2_0 MAFbin4L2_0 MAFbin5L2_0 MAFbin6L2_0 MAFbin7L2_0 MAFbin8L2_0 MAFbin9L2_0 MAFbin10L2_0 MAF_Adj_Predicted_Allele_AgeL2_0 MAF_Adj_LLD_AFRL2_0 Recomb_Rate_10kbL2_0 Nucleotide_Diversity_10kbL2_0 Backgrd_Selection_StatL2_0 CpG_Content_50kbL2_0 MAF_Adj_ASMCL2_0 GTEx_eQTL_MaxCPPL2_0 BLUEPRINT_H3K27acQTL_MaxCPPL2_0 BLUEPRINT_H3K4me1QTL_MaxCPPL2_0 BLUEPRINT_DNA_methylation_MaxCPPL2_0 synonymousL2_0 non_synonymousL2_0 Conserved_Vertebrate_phastCons46wayL2_0 Conserved_Vertebrate_phastCons46way.flanking.500L2_0 Conserved_Mammal_phastCons46wayL2_0 Conserved_Mammal_phastCons46way.flanking.500L2_0 Conserved_Primate_phastCons46wayL2_0 Conserved_Primate_phastCons46way.flanking.500L2_0 BivFlnkL2_0 BivFlnk.flanking.500L2_0 Human_Promoter_VillarL2_0 Human_Promoter_Villar.flanking.500L2_0 Human_Enhancer_VillarL2_0 Human_Enhancer_Villar.flanking.500L2_0 Ancient_Sequence_Age_Human_PromoterL2_0 Ancient_Sequence_Age_Human_Promoter.flanking.500L2_0 Ancient_Sequence_Age_Human_EnhancerL2_0 Ancient_Sequence_Age_Human_Enhancer.flanking.500L2_0 Human_Enhancer_Villar_Species_Enhancer_CountL2_0 Human_Promoter_Villar_ExACL2_0 Human_Promoter_Villar_ExAC.flanking.500L2_0
Observed scale h2: -2.5747e-01 -1.3287e-02  1.3924e-03  1.1222e-02  1.0088e-01 -8.3410e-03 -1.5308e-02 -1.1727e-01  9.9301e-02  7.9999e-02  1.3468e-01  2.5974e-02  1.9910e-02 -2.4909e-02 -2.5199e-02 -4.5061e-02 -1.0214e-01 -6.1602e-02 -4.1636e-02 -4.0215e-02 -4.4664e-02 -4.4293e-02  4.1918e-02  1.0992e-02  6.5007e-02 -2.6289e-02 -5.3608e-02 -2.5559e-02 -8.7228e-02  1.1616e-01  1.1873e-02 -1.0358e-02 -2.6164e-04 -1.4507e-02  6.0085e-03  4.6436e-02 -2.4204e-02 -8.4005e-02 -7.9224e-02  2.0972e-02  1.4602e-02 -1.2417e-01 -5.1209e-02 -1.7966e-02 -1.7698e-02  3.6487e-02 -2.1336e-03  1.1647e-02 -1.6990e-02 -1.0693e-02  2.3718e-02 -1.9630e-02  1.2891e-01  4.8223e-01 -2.4754e-02  1.3523e-02  2.6373e-02 -7.2606e-03  3.2791e-02  1.9018e-02  1.5555e-02  2.0012e-02  5.0712e-02  9.7191e-03  3.6216e-02 -1.1601e-07  1.2723e-04 -3.9819e-02  1.2754e-02  1.4285e-02  2.2633e-01  1.2366e-15  2.4373e-02  7.6768e-03  9.2390e-03 -4.9639e-02 -9.7496e-04 -4.0848e-03  7.1373e-02  9.3575e-02  4.7973e-02 -3.7666e-01  4.6016e-03
  -4.4791e-02  1.2153e-02 -9.5344e-03 -1.4032e-02 -5.0028e-03  1.5860e-02 -3.0766e-02 -1.4892e-02  2.2800e-02 -2.4959e-03 -4.6544e-03  9.0500e-03 -1.9822e-03  8.5895e-03
Observed scale h2 SE: 2.6363e-01 2.7437e-02 2.4646e-02 5.3384e-02 8.1815e-02 2.6429e-02 3.3484e-02 8.8004e-02 1.3205e-01 1.2239e-01 1.4377e-01 1.3305e-01 1.2270e-02 1.5897e-02 2.7109e-02 3.7274e-02 8.1459e-02 8.2146e-02 6.5102e-02 2.6422e-02 6.4292e-02 4.1834e-02 1.0896e-01 1.3958e-01 6.4883e-02 4.5778e-02 5.3764e-02 5.1151e-02 4.9793e-02 6.0340e-02 4.9863e-02 2.6977e-02 1.8210e-02 1.5445e-02 2.2773e-02 2.6897e-02 1.8681e-02 1.2272e-01 7.5099e-02 2.5677e-02 9.4249e-03 6.8327e-02 8.6742e-02 6.4319e-02 9.7156e-02 2.2200e-02 2.0406e-02 1.8126e-02 1.2266e-02 7.6962e-03 1.3631e-02 2.3562e-02 3.7361e-02 1.1757e-01 2.4813e-02 1.5805e-02 1.4984e-02 1.2632e-02 1.4012e-02 1.5263e-02 1.5223e-02 1.5389e-02 1.5949e-02 1.5609e-02 1.5909e-02 2.1105e-07 1.0231e-04 4.3166e-02 8.5988e-02 2.8486e-02 8.3023e-02 1.2399e-15 1.6145e-02 2.1705e-02 2.0507e-02 2.8692e-02 1.2919e-02 9.3270e-03 4.2207e-02 1.9213e-01 5.4252e-02 1.9635e-01 3.2445e-02 6.6143e-02 1.6111e-02 1.9530e-02 1.6985e-02 1.2144e-02 2.3293e-02 1.7203e-02
  1.2183e-02 1.3808e-02 1.0372e-02 1.6354e-02 8.9408e-03 5.9164e-03 4.7931e-03
Proportion of SNPs: 5.5429e-02  7.9037e-04  2.7361e-03  1.3675e-03  1.6935e-02  1.3200e-03  2.6040e-03  7.5030e-03  2.2330e-02  6.0949e-03  9.1869e-03  1.8295e-02  2.3911e-04  8.1529e-04  2.3237e-03  2.6540e-03  4.6384e-03  1.1059e-02  2.1564e-02  1.7413e-03  1.4884e-02  3.6928e-03  9.3602e-03  2.3472e-02  1.0102e-02  2.2930e-03  7.3657e-03  6.7709e-03  2.1166e-03  6.9453e-03  5.7906e-03  2.1476e-02  5.1772e-04  4.5878e-04  1.3795e-03  2.5683e-03  5.8698e-04  2.5498e-02  1.4325e-02  9.2680e-03  1.7590e-04  7.2596e-03  1.1644e-02  1.9134e-02  2.3098e-02  9.8701e-04  9.1633e-04  6.1903e-04  8.4668e-04  3.0265e-04  1.1855e-03  1.1588e-03  3.7591e-03  9.6741e-02  4.5174e-04  5.6735e-03  5.5349e-03  5.5211e-03  5.5814e-03  5.4496e-03  5.5230e-03  5.5281e-03  5.5556e-03  5.6038e-03  5.4576e-03  1.8804e-07  1.5500e-04  8.6049e-02  2.5545e-01  9.8508e-03  5.5716e-04 -1.3018e-15  5.7316e-04  9.1710e-04  7.4122e-04  1.7588e-03  1.7294e-04  1.5051e-04  1.6316e-03  2.0926e-02  1.1884e-03  1.7614e-02  1.0681e-03
   8.6774e-03  7.5102e-04  9.7721e-04  8.4346e-04  1.9893e-04  1.8418e-03  5.4308e-04  2.3117e-04  2.9490e-04  2.8480e-04  5.0034e-04  3.6740e-03  1.3839e-04  3.1986e-05
Proportion of h2g: -1.6449e+00 -8.4882e-02  8.8953e-03  7.1691e-02  6.4450e-01 -5.3287e-02 -9.7794e-02 -7.4920e-01  6.3439e-01  5.1107e-01  8.6040e-01  1.6593e-01  1.2720e-01 -1.5913e-01 -1.6098e-01 -2.8787e-01 -6.5252e-01 -3.9355e-01 -2.6599e-01 -2.5692e-01 -2.8533e-01 -2.8297e-01  2.6779e-01  7.0223e-02  4.1530e-01 -1.6795e-01 -3.4248e-01 -1.6328e-01 -5.5726e-01  7.4210e-01  7.5852e-02 -6.6171e-02 -1.6715e-03 -9.2679e-02  3.8386e-02  2.9666e-01 -1.5463e-01 -5.3667e-01 -5.0613e-01  1.3398e-01  9.3285e-02 -7.9325e-01 -3.2715e-01 -1.1478e-01 -1.1306e-01  2.3310e-01 -1.3631e-02  7.4407e-02 -1.0854e-01 -6.8316e-02  1.5152e-01 -1.2541e-01  8.2356e-01  3.0807e+00 -1.5814e-01  8.6395e-02  1.6848e-01 -4.6385e-02  2.0949e-01  1.2149e-01  9.9374e-02  1.2784e-01  3.2397e-01  6.2091e-02  2.3137e-01 -7.4116e-07  8.1280e-04 -2.5438e-01  8.1478e-02  9.1259e-02  1.4459e+00  7.8998e-15  1.5571e-01  4.9044e-02  5.9024e-02 -3.1712e-01 -6.2286e-03 -2.6096e-02  4.5597e-01  5.9781e-01  3.0648e-01 -2.4063e+00  2.9397e-02
  -2.8615e-01  7.7638e-02 -6.0911e-02 -8.9642e-02 -3.1961e-02  1.0132e-01 -1.9655e-01 -9.5139e-02  1.4566e-01 -1.5945e-02 -2.9735e-02  5.7816e-02 -1.2663e-02  5.4874e-02
Enrichment: -2.9676e+01 -1.0740e+02  3.2511e+00  5.2427e+01  3.8057e+01 -4.0368e+01 -3.7555e+01 -9.9854e+01  2.8410e+01  8.3852e+01  9.3655e+01  9.0699e+00  5.3197e+02 -1.9518e+02 -6.9277e+01 -1.0847e+02 -1.4068e+02 -3.5586e+01 -1.2335e+01 -1.4754e+02 -1.9171e+01 -7.6626e+01  2.8610e+01  2.9918e+00  4.1112e+01 -7.3244e+01 -4.6496e+01 -2.4116e+01 -2.6328e+02  1.0685e+02  1.3099e+01 -3.0812e+00 -3.2286e+00 -2.0201e+02  2.7826e+01  1.1551e+02 -2.6343e+02 -2.1047e+01 -3.5332e+01  1.4456e+01  5.3034e+02 -1.0927e+02 -2.8096e+01 -5.9987e+00 -4.8950e+00  2.3616e+02 -1.4875e+01  1.2020e+02 -1.2820e+02 -2.2572e+02  1.2782e+02 -1.0823e+02  2.1909e+02  3.1845e+01 -3.5007e+02  1.5228e+01  3.0440e+01 -8.4014e+00  3.7533e+01  2.2294e+01  1.7993e+01  2.3126e+01  5.8315e+01  1.1080e+01  4.2394e+01 -3.9416e+00  5.2437e+00 -2.9563e+00  3.1895e-01  9.2641e+00  2.5951e+03 -6.0686e+00  2.7166e+02  5.3477e+01  7.9630e+01 -1.8030e+02 -3.6016e+01 -1.7338e+02  2.7946e+02  2.8567e+01  2.5790e+02 -1.3661e+02  2.7524e+01
  -3.2977e+01  1.0338e+02 -6.2332e+01 -1.0628e+02 -1.6067e+02  5.5015e+01 -3.6192e+02 -4.1155e+02  4.9392e+02 -5.5987e+01 -5.9429e+01  1.5737e+01 -9.1506e+01  1.7156e+03
Coefficients: -4.3192e-08 -1.5631e-07  4.7318e-09  7.6305e-08  5.5390e-08 -5.8755e-08 -5.4660e-08 -1.4533e-07  4.1349e-08  1.2204e-07  1.3631e-07  1.3201e-08  7.7427e-07 -2.8408e-07 -1.0083e-07 -1.5787e-07 -2.0475e-07 -5.1795e-08 -1.7953e-08 -2.1474e-07 -2.7903e-08 -1.1153e-07  4.1640e-08  4.3545e-09  5.9838e-08 -1.0660e-07 -6.7674e-08 -3.5100e-08 -3.8319e-07  1.5551e-07  1.9065e-08 -4.4845e-09 -4.6991e-09 -2.9402e-07  4.0500e-08  1.6812e-07 -3.8342e-07 -3.0634e-08 -5.1425e-08  2.1040e-08  7.7190e-07 -1.5904e-07 -4.0893e-08 -8.7309e-09 -7.1246e-09  3.4373e-07 -2.1651e-08  1.7494e-07 -1.8658e-07 -3.2854e-07  1.8603e-07 -1.5752e-07  3.1887e-07  4.6350e-08 -5.0952e-07  2.2163e-08  4.4305e-08 -1.2228e-08  5.4628e-08  3.2449e-08  2.6188e-08  3.3659e-08  8.4876e-08  1.6127e-08  6.1702e-08 -5.7368e-09  7.6321e-09 -4.3028e-09  4.6423e-10  1.3484e-08  3.7772e-06 -8.8326e-09  3.9540e-07  7.7834e-08  1.1590e-07 -2.6243e-07 -5.2420e-08 -2.5235e-07  4.0675e-07  4.1579e-08  3.7537e-07 -1.9883e-07  4.0061e-08
  -4.7996e-08  1.5046e-07 -9.0722e-08 -1.5469e-07 -2.3384e-07  8.0073e-08 -5.2676e-07 -5.9900e-07  7.1889e-07 -8.1487e-08 -8.6497e-08  2.2904e-08 -1.3318e-07  2.4969e-06
Coefficient SE: 4.4225e-08 3.2278e-07 8.3754e-08 3.6300e-07 4.4920e-08 1.8617e-07 1.1956e-07 1.0906e-07 5.4986e-08 1.8671e-07 1.4551e-07 6.7621e-08 4.7717e-07 1.8130e-07 1.0848e-07 1.3059e-07 1.6329e-07 6.9068e-08 2.8071e-08 1.4109e-07 4.0165e-08 1.0534e-07 1.0824e-07 5.5296e-08 5.9723e-08 1.8563e-07 6.7871e-08 7.0245e-08 2.1874e-07 8.0782e-08 8.0068e-08 1.1680e-08 3.2705e-07 3.1304e-07 1.5350e-07 9.7380e-08 2.9593e-07 4.4750e-08 4.8747e-08 2.5761e-08 4.9822e-07 8.7515e-08 6.9269e-08 3.1257e-08 3.9112e-08 2.0914e-07 2.0707e-07 2.7226e-07 1.3471e-07 2.3645e-07 1.0692e-07 1.8907e-07 9.2414e-08 1.1300e-08 5.1073e-07 2.5903e-08 2.5172e-08 2.1274e-08 2.3343e-08 2.6042e-08 2.5629e-08 2.5885e-08 2.6694e-08 2.5900e-08 2.7105e-08 1.0436e-08 6.1370e-09 4.6645e-09 3.1299e-09 2.6888e-08 1.3855e-06 8.8563e-09 2.6193e-07 2.2007e-07 2.5725e-07 1.5169e-07 6.9463e-07 5.7621e-07 2.4053e-07 8.5368e-08 4.2449e-07 1.0365e-07 2.8246e-07 7.0876e-08 1.9947e-07 1.8583e-07 1.8724e-07 5.6765e-07 1.1760e-07 2.9454e-07
  4.9004e-07 4.3536e-07 3.3865e-07 3.0393e-07 2.2628e-08 3.9752e-07 1.3933e-06
Lambda GC: 1.1313
Mean Chi^2: 1.1465
Intercept: 1.0637 (0.0092)
Ratio: 0.435 (0.0629)
Analysis finished at Wed Oct  9 16:20:40 2024
Total time elapsed: 35.78s
