*********************************************************************
* LD Score Regression (LDSC)
* Version 1.0.1
* (C) 2014-2019 Brendan Bulik-Sullivan and Hilary Finucane
* Broad Institute of MIT and Harvard / MIT Department of Mathematics
* GNU General Public License v3
*********************************************************************
Call: 
./ldsc.py \
--h2 tan_2024_cognitive_performance.direct.munged.sumstats.gz \
--ref-ld-chr ./eur_w_ld_chr// \
--out tan_2024_cognitive_performance.direct.LDSC_h2.base_model \
--w-ld-chr ./eur_w_ld_chr// 

Beginning analysis at Wed Oct  9 16:14:39 2024
Reading summary statistics from tan_2024_cognitive_performance.direct.munged.sumstats.gz ...
Read summary statistics for 701105 SNPs.
Reading reference panel LD Score from ./eur_w_ld_chr//[1-22] ... (ldscore_fromlist)
Read reference panel LD Scores for 1290028 SNPs.
Removing partitioned LD Scores with zero variance.
Reading regression weight LD Score from ./eur_w_ld_chr//[1-22] ... (ldscore_fromlist)
Read regression weight LD Scores for 1290028 SNPs.
After merging with reference panel LD, 697801 SNPs remain.
After merging with regression SNP LD, 697801 SNPs remain.
Using two-step estimator with cutoff at 30.
Total Observed scale h2: 0.1661 (0.0303)
Lambda GC: 1.071
Mean Chi^2: 1.0706
Intercept: 1.0117 (0.0073)
Ratio: 0.1653 (0.1037)
Analysis finished at Wed Oct  9 16:14:47 2024
Total time elapsed: 8.43s
