*********************************************************************
* LD Score Regression (LDSC)
* Version 1.0.1
* (C) 2014-2019 Brendan Bulik-Sullivan and Hilary Finucane
* Broad Institute of MIT and Harvard / MIT Department of Mathematics
* GNU General Public License v3
*********************************************************************
Call: 
./ldsc.py \
--h2 tan_2024_cognitive_performance.population.munged.sumstats.gz \
--ref-ld-chr ./baselineLD_v2.2/baselineLD. \
--out tan_2024_cognitive_performance.population.LDSC_h2.baselineLD_model \
--w-ld-chr ./1000G_Phase3_weights_hm3_no_MHC/weights.hm3_noMHC. 

Beginning analysis at Wed Oct  9 16:12:48 2024
Reading summary statistics from tan_2024_cognitive_performance.population.munged.sumstats.gz ...
Read summary statistics for 1045706 SNPs.
Reading reference panel LD Score from ./baselineLD_v2.2/baselineLD.[1-22] ... (ldscore_fromlist)
Read reference panel LD Scores for 1190321 SNPs.
Removing partitioned LD Scores with zero variance.
Reading regression weight LD Score from ./1000G_Phase3_weights_hm3_no_MHC/weights.hm3_noMHC.[1-22] ... (ldscore_fromlist)
Read regression weight LD Scores for 1187349 SNPs.
After merging with reference panel LD, 1037241 SNPs remain.
After merging with regression SNP LD, 1034643 SNPs remain.
Removed 0 SNPs with chi^2 > 769.876 (1034643 SNPs remain)
Total Observed scale h2: 0.1261 (0.0195)
Categories: baseL2_0 Coding_UCSCL2_0 Coding_UCSC.flanking.500L2_0 Conserved_LindbladTohL2_0 Conserved_LindbladToh.flanking.500L2_0 CTCF_HoffmanL2_0 CTCF_Hoffman.flanking.500L2_0 DGF_ENCODEL2_0 DGF_ENCODE.flanking.500L2_0 DHS_peaks_TrynkaL2_0 DHS_TrynkaL2_0 DHS_Trynka.flanking.500L2_0 Enhancer_AnderssonL2_0 Enhancer_Andersson.flanking.500L2_0 Enhancer_HoffmanL2_0 Enhancer_Hoffman.flanking.500L2_0 FetalDHS_TrynkaL2_0 FetalDHS_Trynka.flanking.500L2_0 H3K27ac_HniszL2_0 H3K27ac_Hnisz.flanking.500L2_0 H3K27ac_PGC2L2_0 H3K27ac_PGC2.flanking.500L2_0 H3K4me1_peaks_TrynkaL2_0 H3K4me1_TrynkaL2_0 H3K4me1_Trynka.flanking.500L2_0 H3K4me3_peaks_TrynkaL2_0 H3K4me3_TrynkaL2_0 H3K4me3_Trynka.flanking.500L2_0 H3K9ac_peaks_TrynkaL2_0 H3K9ac_TrynkaL2_0 H3K9ac_Trynka.flanking.500L2_0 Intron_UCSCL2_0 Intron_UCSC.flanking.500L2_0 PromoterFlanking_HoffmanL2_0 PromoterFlanking_Hoffman.flanking.500L2_0 Promoter_UCSCL2_0 Promoter_UCSC.flanking.500L2_0 Repressed_HoffmanL2_0 Repressed_Hoffman.flanking.500L2_0 SuperEnhancer_HniszL2_0 SuperEnhancer_Hnisz.flanking.500L2_0 TFBS_ENCODEL2_0 TFBS_ENCODE.flanking.500L2_0 Transcr_HoffmanL2_0 Transcr_Hoffman.flanking.500L2_0 TSS_HoffmanL2_0 TSS_Hoffman.flanking.500L2_0 UTR_3_UCSCL2_0 UTR_3_UCSC.flanking.500L2_0 UTR_5_UCSCL2_0 UTR_5_UCSC.flanking.500L2_0 WeakEnhancer_HoffmanL2_0 WeakEnhancer_Hoffman.flanking.500L2_0 GERP.NSL2_0 GERP.RSsup4L2_0 MAFbin1L2_0 MAFbin2L2_0 MAFbin3L2_0 MAFbin4L2_0 MAFbin5L2_0 MAFbin6L2_0 MAFbin7L2_0 MAFbin8L2_0 MAFbin9L2_0 MAFbin10L2_0 MAF_Adj_Predicted_Allele_AgeL2_0 MAF_Adj_LLD_AFRL2_0 Recomb_Rate_10kbL2_0 Nucleotide_Diversity_10kbL2_0 Backgrd_Selection_StatL2_0 CpG_Content_50kbL2_0 MAF_Adj_ASMCL2_0 GTEx_eQTL_MaxCPPL2_0 BLUEPRINT_H3K27acQTL_MaxCPPL2_0 BLUEPRINT_H3K4me1QTL_MaxCPPL2_0 BLUEPRINT_DNA_methylation_MaxCPPL2_0 synonymousL2_0 non_synonymousL2_0 Conserved_Vertebrate_phastCons46wayL2_0 Conserved_Vertebrate_phastCons46way.flanking.500L2_0 Conserved_Mammal_phastCons46wayL2_0 Conserved_Mammal_phastCons46way.flanking.500L2_0 Conserved_Primate_phastCons46wayL2_0 Conserved_Primate_phastCons46way.flanking.500L2_0 BivFlnkL2_0 BivFlnk.flanking.500L2_0 Human_Promoter_VillarL2_0 Human_Promoter_Villar.flanking.500L2_0 Human_Enhancer_VillarL2_0 Human_Enhancer_Villar.flanking.500L2_0 Ancient_Sequence_Age_Human_PromoterL2_0 Ancient_Sequence_Age_Human_Promoter.flanking.500L2_0 Ancient_Sequence_Age_Human_EnhancerL2_0 Ancient_Sequence_Age_Human_Enhancer.flanking.500L2_0 Human_Enhancer_Villar_Species_Enhancer_CountL2_0 Human_Promoter_Villar_ExACL2_0 Human_Promoter_Villar_ExAC.flanking.500L2_0
Observed scale h2: -1.1385e-01 -1.6788e-02 -1.2958e-02  1.8369e-02  1.4681e-02  3.6101e-03 -6.6616e-03 -8.3696e-02  7.4942e-02  3.3529e-02  6.7456e-02  1.0904e-02  1.5206e-03  2.1884e-03  9.1781e-03 -5.4752e-02 -5.5600e-02 -7.5164e-02  2.3998e-02 -3.9106e-02 -3.2991e-02 -3.5434e-02  5.6251e-02  9.1720e-02  1.6392e-02 -7.3488e-02  2.7083e-02  1.8159e-02  3.4092e-02 -5.9410e-02 -4.9221e-02  5.5167e-03  2.4297e-03 -2.1703e-02  6.1514e-04  3.3814e-02 -2.3045e-02  8.9400e-03 -2.1256e-02 -1.0953e-02 -1.5132e-03 -8.8514e-04  8.0635e-03 -2.1268e-02  2.1503e-02 -9.7225e-03  2.1612e-02  1.8764e-02 -1.8411e-02 -2.7069e-03  4.6959e-03 -2.5243e-02  5.6210e-02  1.0341e-01 -6.7030e-04 -4.3682e-03 -3.0074e-03  6.5273e-03  1.5086e-02  9.2954e-03  1.0187e-02  1.8666e-02  1.4494e-02  4.3989e-03  3.5400e-02 -1.6824e-07  3.9449e-05 -5.8275e-02 -8.6418e-02  3.7588e-02  2.1600e-01  2.7037e-16  1.6668e-02  1.0562e-02  6.4012e-03 -2.7255e-02  3.5151e-03 -2.8609e-03  2.1944e-02 -1.1770e-01 -2.7557e-02 -9.0675e-03  5.8868e-03
   7.8370e-02 -1.0542e-03  1.6095e-02  5.4703e-03  2.7989e-03  1.7452e-02 -2.2358e-02 -9.5562e-03  9.6860e-03  2.1539e-03  4.0636e-03 -1.2797e-03  3.6365e-03  1.3228e-03
Observed scale h2 SE: 1.9372e-01 2.1715e-02 1.5302e-02 3.4955e-02 4.2936e-02 1.6213e-02 2.2012e-02 5.7114e-02 7.7062e-02 7.7137e-02 9.7654e-02 9.3635e-02 8.5191e-03 1.1145e-02 1.9070e-02 2.4767e-02 4.8815e-02 5.5307e-02 4.6517e-02 1.7003e-02 4.2746e-02 2.7851e-02 6.2069e-02 8.9113e-02 4.2081e-02 3.1970e-02 4.3297e-02 3.2040e-02 2.9882e-02 3.6408e-02 2.9709e-02 1.5373e-02 1.2009e-02 1.0817e-02 1.6443e-02 1.6707e-02 1.3201e-02 7.0561e-02 4.4023e-02 1.5988e-02 6.2394e-03 4.3681e-02 5.3969e-02 4.3690e-02 5.4278e-02 1.2261e-02 1.3608e-02 1.6662e-02 8.8154e-03 6.1251e-03 1.1915e-02 1.5768e-02 2.4919e-02 7.6202e-02 1.3576e-02 8.2677e-03 7.3707e-03 8.7894e-03 8.3043e-03 9.5201e-03 8.4478e-03 8.3197e-03 9.1740e-03 9.9207e-03 9.7027e-03 1.3452e-07 7.9335e-05 2.5471e-02 5.4243e-02 1.6587e-02 6.2908e-02 8.2716e-16 9.3655e-03 1.5967e-02 1.3996e-02 1.8245e-02 8.6025e-03 6.1028e-03 3.0747e-02 1.1982e-01 3.5916e-02 1.2178e-01 1.9843e-02 4.1623e-02 1.0931e-02 1.3791e-02 1.2997e-02 8.7131e-03 1.4361e-02 9.7606e-03
  7.3371e-03 9.6435e-03 7.2427e-03 8.4619e-03 6.9749e-03 3.9482e-03 3.3839e-03
Proportion of SNPs: 5.5429e-02  7.9037e-04  2.7361e-03  1.3675e-03  1.6935e-02  1.3200e-03  2.6040e-03  7.5030e-03  2.2330e-02  6.0949e-03  9.1869e-03  1.8295e-02  2.3911e-04  8.1529e-04  2.3237e-03  2.6540e-03  4.6384e-03  1.1059e-02  2.1564e-02  1.7413e-03  1.4884e-02  3.6928e-03  9.3602e-03  2.3472e-02  1.0102e-02  2.2930e-03  7.3657e-03  6.7709e-03  2.1166e-03  6.9453e-03  5.7906e-03  2.1476e-02  5.1772e-04  4.5878e-04  1.3795e-03  2.5683e-03  5.8698e-04  2.5498e-02  1.4325e-02  9.2680e-03  1.7590e-04  7.2596e-03  1.1644e-02  1.9134e-02  2.3098e-02  9.8701e-04  9.1633e-04  6.1903e-04  8.4668e-04  3.0265e-04  1.1855e-03  1.1588e-03  3.7591e-03  9.6741e-02  4.5174e-04  5.6735e-03  5.5349e-03  5.5211e-03  5.5814e-03  5.4496e-03  5.5230e-03  5.5281e-03  5.5556e-03  5.6038e-03  5.4576e-03  1.8804e-07  1.5500e-04  8.6049e-02  2.5545e-01  9.8508e-03  5.5716e-04 -1.3018e-15  5.7316e-04  9.1710e-04  7.4122e-04  1.7588e-03  1.7294e-04  1.5051e-04  1.6316e-03  2.0926e-02  1.1884e-03  1.7614e-02  1.0681e-03
   8.6774e-03  7.5102e-04  9.7721e-04  8.4346e-04  1.9893e-04  1.8418e-03  5.4308e-04  2.3117e-04  2.9490e-04  2.8480e-04  5.0034e-04  3.6740e-03  1.3839e-04  3.1986e-05
Proportion of h2g: -9.0287e-01 -1.3313e-01 -1.0276e-01  1.4566e-01  1.1642e-01  2.8628e-02 -5.2827e-02 -6.6372e-01  5.9430e-01  2.6589e-01  5.3494e-01  8.6473e-02  1.2059e-02  1.7354e-02  7.2783e-02 -4.3419e-01 -4.4091e-01 -5.9606e-01  1.9031e-01 -3.1011e-01 -2.6162e-01 -2.8100e-01  4.4607e-01  7.2735e-01  1.2999e-01 -5.8277e-01  2.1477e-01  1.4400e-01  2.7035e-01 -4.7113e-01 -3.9032e-01  4.3748e-02  1.9268e-02 -1.7211e-01  4.8782e-03  2.6815e-01 -1.8275e-01  7.0895e-02 -1.6857e-01 -8.6859e-02 -1.2000e-02 -7.0192e-03  6.3945e-02 -1.6866e-01  1.7052e-01 -7.7100e-02  1.7138e-01  1.4880e-01 -1.4600e-01 -2.1466e-02  3.7239e-02 -2.0018e-01  4.4575e-01  8.2002e-01 -5.3156e-03 -3.4640e-02 -2.3849e-02  5.1763e-02  1.1963e-01  7.3714e-02  8.0783e-02  1.4802e-01  1.1494e-01  3.4884e-02  2.8072e-01 -1.3341e-06  3.1284e-04 -4.6213e-01 -6.8531e-01  2.9808e-01  1.7129e+00  2.1441e-15  1.3218e-01  8.3760e-02  5.0762e-02 -2.1614e-01  2.7875e-02 -2.2687e-02  1.7402e-01 -9.3335e-01 -2.1853e-01 -7.1906e-02  4.6683e-02
   6.2148e-01 -8.3596e-03  1.2764e-01  4.3380e-02  2.2196e-02  1.3840e-01 -1.7730e-01 -7.5782e-02  7.6811e-02  1.7081e-02  3.2225e-02 -1.0148e-02  2.8838e-02  1.0490e-02
Enrichment: -1.6289e+01 -1.6844e+02 -3.7557e+01  1.0652e+02  6.8745e+00  2.1688e+01 -2.0287e+01 -8.8460e+01  2.6614e+01  4.3625e+01  5.8228e+01  4.7266e+00  5.0433e+01  2.1286e+01  3.1322e+01 -1.6359e+02 -9.5056e+01 -5.3898e+01  8.8252e+00 -1.7809e+02 -1.7578e+01 -7.6093e+01  4.7656e+01  3.0988e+01  1.2869e+01 -2.5415e+02  2.9158e+01  2.1268e+01  1.2773e+02 -6.7834e+01 -6.7406e+01  2.0371e+00  3.7217e+01 -3.7515e+02  3.5363e+00  1.0441e+02 -3.1134e+02  2.7804e+00 -1.1767e+01 -9.3719e+00 -6.8223e+01 -9.6689e-01  5.4917e+00 -8.8149e+00  7.3825e+00 -7.8114e+01  1.8703e+02  2.4038e+02 -1.7244e+02 -7.0928e+01  3.1413e+01 -1.7275e+02  1.1858e+02  8.4765e+00 -1.1767e+01 -6.1056e+00 -4.3090e+00  9.3755e+00  2.1434e+01  1.3526e+01  1.4627e+01  2.6776e+01  2.0690e+01  6.2250e+00  5.1436e+01 -7.0950e+00  2.0182e+00 -5.3705e+00 -2.6827e+00  3.0259e+01  3.0744e+03 -1.6470e+00  2.3061e+02  9.1332e+01  6.8484e+01 -1.2289e+02  1.6119e+02 -1.5073e+02  1.0666e+02 -4.4602e+01 -1.8389e+02 -4.0823e+00  4.3708e+01
   7.1621e+01 -1.1131e+01  1.3062e+02  5.1431e+01  1.1158e+02  7.5145e+01 -3.2647e+02 -3.2781e+02  2.6046e+02  5.9974e+01  6.4405e+01 -2.7621e+00  2.0839e+02  3.2796e+02
Coefficients: -1.9099e-08 -1.9750e-07 -4.4037e-08  1.2490e-07  8.0605e-09  2.5430e-08 -2.3787e-08 -1.0372e-07  3.1206e-08  5.1152e-08  6.8274e-08  5.5421e-09  5.9135e-08  2.4958e-08  3.6726e-08 -1.9182e-07 -1.1146e-07 -6.3197e-08  1.0348e-08 -2.0882e-07 -2.0610e-08 -8.9221e-08  5.5878e-08  3.6335e-08  1.5089e-08 -2.9800e-07  3.4189e-08  2.4938e-08  1.4976e-07 -7.9538e-08 -7.9036e-08  2.3885e-09  4.3638e-08 -4.3987e-07  4.1464e-09  1.2242e-07 -3.6506e-07  3.2601e-09 -1.3798e-08 -1.0989e-08 -7.9994e-08 -1.1337e-09  6.4392e-09 -1.0336e-08  8.6562e-09 -9.1592e-08  2.1930e-07  2.8185e-07 -2.0219e-07 -8.3165e-08  3.6833e-08 -2.0256e-07  1.3904e-07  9.9389e-09 -1.3797e-08 -7.1590e-09 -5.0524e-09  1.0993e-08  2.5132e-08  1.5860e-08  1.7150e-08  3.1396e-08  2.4259e-08  7.2991e-09  6.0311e-08 -8.3191e-09  2.3664e-09 -6.2971e-09 -3.1455e-09  3.5480e-08  3.6048e-06 -1.9312e-09  2.7040e-07  1.0709e-07  8.0300e-08 -1.4409e-07  1.8900e-07 -1.7674e-07  1.2506e-07 -5.2297e-08 -2.1562e-07 -4.7866e-09  5.1249e-08
   8.3978e-08 -1.3051e-08  1.5315e-07  6.0305e-08  1.3083e-07  8.8110e-08 -3.8280e-07 -3.8437e-07  3.0540e-07  7.0322e-08  7.5517e-08 -3.2386e-09  2.4434e-07  3.8454e-07
Coefficient SE: 3.2496e-08 2.5547e-07 5.2002e-08 2.3768e-07 2.3574e-08 1.1420e-07 7.8599e-08 7.0780e-08 3.2089e-08 1.1768e-07 9.8839e-08 4.7589e-08 3.3129e-07 1.2711e-07 7.6306e-08 8.6771e-08 9.7856e-08 4.6502e-08 2.0058e-08 9.0794e-08 2.6705e-08 7.0127e-08 6.1658e-08 3.5302e-08 3.8735e-08 1.2964e-07 5.4657e-08 4.4000e-08 1.3127e-07 4.8742e-08 4.7705e-08 6.6558e-09 2.1568e-07 2.1924e-07 1.1083e-07 6.0485e-08 2.0912e-07 2.5731e-08 2.8576e-08 1.6040e-08 3.2983e-07 5.5948e-08 4.3097e-08 2.1232e-08 2.1850e-08 1.1551e-07 1.3808e-07 2.5028e-07 9.6811e-08 1.8818e-07 9.3458e-08 1.2653e-07 6.1638e-08 7.3242e-09 2.7944e-07 1.3550e-08 1.2382e-08 1.4803e-08 1.3835e-08 1.6244e-08 1.4222e-08 1.3994e-08 1.5354e-08 1.6461e-08 1.6531e-08 6.6517e-09 4.7591e-09 2.7523e-09 1.9744e-09 1.5657e-08 1.0498e-06 5.9083e-09 1.5194e-07 1.6189e-07 1.7557e-07 9.6455e-08 4.6253e-07 3.7702e-07 1.7522e-07 5.3238e-08 2.8103e-07 6.4285e-08 1.7275e-07 4.4602e-08 1.3534e-07 1.3122e-07 1.4328e-07 4.0727e-07 7.2501e-08 1.6712e-07
  2.9511e-07 3.0406e-07 2.3647e-07 1.5726e-07 1.7653e-08 2.6528e-07 9.8369e-07
Lambda GC: 1.1651
Mean Chi^2: 1.1769
Intercept: 1.0782 (0.0057)
Ratio: 0.4418 (0.0321)
Analysis finished at Wed Oct  9 16:13:24 2024
Total time elapsed: 36.2s
