*********************************************************************
* LD Score Regression (LDSC)
* Version 1.0.1
* (C) 2014-2019 Brendan Bulik-Sullivan and Hilary Finucane
* Broad Institute of MIT and Harvard / MIT Department of Mathematics
* GNU General Public License v3
*********************************************************************
Call: 
./ldsc.py \
--h2 tan_2024_cognitive_performance.direct.munged.sumstats.gz \
--ref-ld-chr ./baselineLD_v2.2/baselineLD. \
--out tan_2024_cognitive_performance.direct.LDSC_h2.baselineLD_model \
--w-ld-chr ./1000G_Phase3_weights_hm3_no_MHC/weights.hm3_noMHC. 

Beginning analysis at Wed Oct  9 16:14:48 2024
Reading summary statistics from tan_2024_cognitive_performance.direct.munged.sumstats.gz ...
Read summary statistics for 701105 SNPs.
Reading reference panel LD Score from ./baselineLD_v2.2/baselineLD.[1-22] ... (ldscore_fromlist)
Read reference panel LD Scores for 1190321 SNPs.
Removing partitioned LD Scores with zero variance.
Reading regression weight LD Score from ./1000G_Phase3_weights_hm3_no_MHC/weights.hm3_noMHC.[1-22] ... (ldscore_fromlist)
Read regression weight LD Scores for 1187349 SNPs.
After merging with reference panel LD, 695965 SNPs remain.
After merging with regression SNP LD, 693577 SNPs remain.
Removed 0 SNPs with chi^2 > 322.986 (693577 SNPs remain)
Total Observed scale h2: 0.1233 (0.0496)
Categories: baseL2_0 Coding_UCSCL2_0 Coding_UCSC.flanking.500L2_0 Conserved_LindbladTohL2_0 Conserved_LindbladToh.flanking.500L2_0 CTCF_HoffmanL2_0 CTCF_Hoffman.flanking.500L2_0 DGF_ENCODEL2_0 DGF_ENCODE.flanking.500L2_0 DHS_peaks_TrynkaL2_0 DHS_TrynkaL2_0 DHS_Trynka.flanking.500L2_0 Enhancer_AnderssonL2_0 Enhancer_Andersson.flanking.500L2_0 Enhancer_HoffmanL2_0 Enhancer_Hoffman.flanking.500L2_0 FetalDHS_TrynkaL2_0 FetalDHS_Trynka.flanking.500L2_0 H3K27ac_HniszL2_0 H3K27ac_Hnisz.flanking.500L2_0 H3K27ac_PGC2L2_0 H3K27ac_PGC2.flanking.500L2_0 H3K4me1_peaks_TrynkaL2_0 H3K4me1_TrynkaL2_0 H3K4me1_Trynka.flanking.500L2_0 H3K4me3_peaks_TrynkaL2_0 H3K4me3_TrynkaL2_0 H3K4me3_Trynka.flanking.500L2_0 H3K9ac_peaks_TrynkaL2_0 H3K9ac_TrynkaL2_0 H3K9ac_Trynka.flanking.500L2_0 Intron_UCSCL2_0 Intron_UCSC.flanking.500L2_0 PromoterFlanking_HoffmanL2_0 PromoterFlanking_Hoffman.flanking.500L2_0 Promoter_UCSCL2_0 Promoter_UCSC.flanking.500L2_0 Repressed_HoffmanL2_0 Repressed_Hoffman.flanking.500L2_0 SuperEnhancer_HniszL2_0 SuperEnhancer_Hnisz.flanking.500L2_0 TFBS_ENCODEL2_0 TFBS_ENCODE.flanking.500L2_0 Transcr_HoffmanL2_0 Transcr_Hoffman.flanking.500L2_0 TSS_HoffmanL2_0 TSS_Hoffman.flanking.500L2_0 UTR_3_UCSCL2_0 UTR_3_UCSC.flanking.500L2_0 UTR_5_UCSCL2_0 UTR_5_UCSC.flanking.500L2_0 WeakEnhancer_HoffmanL2_0 WeakEnhancer_Hoffman.flanking.500L2_0 GERP.NSL2_0 GERP.RSsup4L2_0 MAFbin1L2_0 MAFbin2L2_0 MAFbin3L2_0 MAFbin4L2_0 MAFbin5L2_0 MAFbin6L2_0 MAFbin7L2_0 MAFbin8L2_0 MAFbin9L2_0 MAFbin10L2_0 MAF_Adj_Predicted_Allele_AgeL2_0 MAF_Adj_LLD_AFRL2_0 Recomb_Rate_10kbL2_0 Nucleotide_Diversity_10kbL2_0 Backgrd_Selection_StatL2_0 CpG_Content_50kbL2_0 MAF_Adj_ASMCL2_0 GTEx_eQTL_MaxCPPL2_0 BLUEPRINT_H3K27acQTL_MaxCPPL2_0 BLUEPRINT_H3K4me1QTL_MaxCPPL2_0 BLUEPRINT_DNA_methylation_MaxCPPL2_0 synonymousL2_0 non_synonymousL2_0 Conserved_Vertebrate_phastCons46wayL2_0 Conserved_Vertebrate_phastCons46way.flanking.500L2_0 Conserved_Mammal_phastCons46wayL2_0 Conserved_Mammal_phastCons46way.flanking.500L2_0 Conserved_Primate_phastCons46wayL2_0 Conserved_Primate_phastCons46way.flanking.500L2_0 BivFlnkL2_0 BivFlnk.flanking.500L2_0 Human_Promoter_VillarL2_0 Human_Promoter_Villar.flanking.500L2_0 Human_Enhancer_VillarL2_0 Human_Enhancer_Villar.flanking.500L2_0 Ancient_Sequence_Age_Human_PromoterL2_0 Ancient_Sequence_Age_Human_Promoter.flanking.500L2_0 Ancient_Sequence_Age_Human_EnhancerL2_0 Ancient_Sequence_Age_Human_Enhancer.flanking.500L2_0 Human_Enhancer_Villar_Species_Enhancer_CountL2_0 Human_Promoter_Villar_ExACL2_0 Human_Promoter_Villar_ExAC.flanking.500L2_0
Observed scale h2: -5.2828e-01  1.7959e-02 -4.6628e-02 -2.8679e-02  8.6070e-02 -3.2772e-02  2.3601e-02  1.6349e-02  2.6689e-02  1.0524e-02  6.9192e-02  3.7879e-02  1.1175e-02 -2.0899e-02  3.1861e-02 -1.1700e-01 -3.2651e-02  2.1913e-02  1.3190e-02 -3.4365e-02 -4.2519e-02 -3.5170e-02 -7.3734e-02  1.9568e-01 -8.8184e-03 -6.1349e-02  7.1707e-03  1.6841e-01  9.2060e-02 -1.7125e-01 -1.2053e-01 -2.8951e-03 -1.7500e-02 -2.2987e-02  2.1924e-02  1.2896e-02 -2.2057e-02  2.5643e-01 -4.0131e-02  3.1970e-03 -3.6091e-03  1.6225e-01 -5.7917e-02  1.5436e-01 -1.9109e-02 -1.5770e-02  2.5971e-02 -4.0042e-02  1.5864e-02  5.9558e-03  1.7508e-02 -2.5818e-02  7.7140e-02 -5.1065e-02 -2.4517e-02  4.4190e-03  1.3525e-02 -1.3491e-03  2.4825e-02 -2.7791e-03  1.4623e-02 -2.7319e-04  9.5111e-03  1.8438e-02  3.4854e-02 -6.0022e-08  2.7546e-05 -2.6202e-02 -1.1895e-01  3.1636e-02  1.6434e-01 -1.5220e-16 -1.0395e-02 -5.0290e-03  7.3064e-03 -1.3790e-02 -6.2183e-03 -3.8421e-03 -1.1072e-02 -7.2506e-02  1.0008e-01  5.2720e-02 -2.6381e-02
   2.7876e-02 -3.0611e-02  4.1740e-02 -1.5099e-02  2.1186e-03  4.8040e-02 -4.2824e-02 -2.4600e-02  6.0747e-02 -1.4891e-02  3.0402e-02 -2.0264e-02  2.0080e-03 -3.9772e-03
Observed scale h2 SE: 3.0374e-01 2.8019e-02 3.1547e-02 5.9222e-02 1.0344e-01 3.2927e-02 4.5903e-02 9.9580e-02 1.4456e-01 1.4961e-01 1.6554e-01 1.5116e-01 1.5734e-02 2.0915e-02 3.5435e-02 4.3135e-02 9.7213e-02 1.0594e-01 8.6598e-02 3.5270e-02 8.0632e-02 4.8636e-02 1.1592e-01 1.6736e-01 7.6945e-02 5.5601e-02 7.2947e-02 6.1426e-02 5.9823e-02 7.3451e-02 6.4019e-02 2.7792e-02 2.2339e-02 1.7000e-02 3.3806e-02 3.6642e-02 2.4558e-02 1.1349e-01 7.7694e-02 2.9571e-02 1.0508e-02 8.4429e-02 1.0211e-01 6.5390e-02 1.1692e-01 2.4435e-02 2.2284e-02 1.5153e-02 1.4472e-02 1.3092e-02 2.1332e-02 2.8828e-02 4.9993e-02 1.5108e-01 2.6862e-02 1.6253e-02 1.4751e-02 1.3814e-02 1.7344e-02 1.6137e-02 1.6480e-02 1.5642e-02 1.4877e-02 2.0983e-02 1.7562e-02 2.4188e-07 1.3648e-04 5.1041e-02 1.0321e-01 2.5576e-02 9.9376e-02 1.3502e-15 1.8302e-02 2.7492e-02 2.5307e-02 3.7497e-02 1.4320e-02 1.2369e-02 4.7912e-02 2.1806e-01 6.8291e-02 2.1016e-01 3.7445e-02 8.1379e-02 1.9471e-02 2.5398e-02 2.4268e-02 1.4929e-02 2.9894e-02 1.9822e-02
  1.4416e-02 1.5773e-02 1.5070e-02 2.1080e-02 1.1644e-02 6.8407e-03 5.9822e-03
Proportion of SNPs: 5.5429e-02  7.9037e-04  2.7361e-03  1.3675e-03  1.6935e-02  1.3200e-03  2.6040e-03  7.5030e-03  2.2330e-02  6.0949e-03  9.1869e-03  1.8295e-02  2.3911e-04  8.1529e-04  2.3237e-03  2.6540e-03  4.6384e-03  1.1059e-02  2.1564e-02  1.7413e-03  1.4884e-02  3.6928e-03  9.3602e-03  2.3472e-02  1.0102e-02  2.2930e-03  7.3657e-03  6.7709e-03  2.1166e-03  6.9453e-03  5.7906e-03  2.1476e-02  5.1772e-04  4.5878e-04  1.3795e-03  2.5683e-03  5.8698e-04  2.5498e-02  1.4325e-02  9.2680e-03  1.7590e-04  7.2596e-03  1.1644e-02  1.9134e-02  2.3098e-02  9.8701e-04  9.1633e-04  6.1903e-04  8.4668e-04  3.0265e-04  1.1855e-03  1.1588e-03  3.7591e-03  9.6741e-02  4.5174e-04  5.6735e-03  5.5349e-03  5.5211e-03  5.5814e-03  5.4496e-03  5.5230e-03  5.5281e-03  5.5556e-03  5.6038e-03  5.4576e-03  1.8804e-07  1.5500e-04  8.6049e-02  2.5545e-01  9.8508e-03  5.5716e-04 -1.3018e-15  5.7316e-04  9.1710e-04  7.4122e-04  1.7588e-03  1.7294e-04  1.5051e-04  1.6316e-03  2.0926e-02  1.1884e-03  1.7614e-02  1.0681e-03
   8.6774e-03  7.5102e-04  9.7721e-04  8.4346e-04  1.9893e-04  1.8418e-03  5.4308e-04  2.3117e-04  2.9490e-04  2.8480e-04  5.0034e-04  3.6740e-03  1.3839e-04  3.1986e-05
Proportion of h2g: -4.2831e+00  1.4561e-01 -3.7804e-01 -2.3251e-01  6.9782e-01 -2.6570e-01  1.9135e-01  1.3255e-01  2.1639e-01  8.5323e-02  5.6098e-01  3.0711e-01  9.0603e-02 -1.6944e-01  2.5832e-01 -9.4857e-01 -2.6472e-01  1.7766e-01  1.0694e-01 -2.7862e-01 -3.4473e-01 -2.8515e-01 -5.9781e-01  1.5865e+00 -7.1496e-02 -4.9740e-01  5.8137e-02  1.3654e+00  7.4638e-01 -1.3884e+00 -9.7721e-01 -2.3473e-02 -1.4188e-01 -1.8637e-01  1.7775e-01  1.0456e-01 -1.7883e-01  2.0790e+00 -3.2536e-01  2.5920e-02 -2.9261e-02  1.3154e+00 -4.6957e-01  1.2515e+00 -1.5492e-01 -1.2785e-01  2.1056e-01 -3.2464e-01  1.2862e-01  4.8288e-02  1.4195e-01 -2.0933e-01  6.2542e-01 -4.1401e-01 -1.9877e-01  3.5828e-02  1.0966e-01 -1.0938e-02  2.0127e-01 -2.2532e-02  1.1855e-01 -2.2149e-03  7.7112e-02  1.4948e-01  2.8258e-01 -4.8663e-07  2.2333e-04 -2.1243e-01 -9.6441e-01  2.5649e-01  1.3324e+00 -1.2340e-15 -8.4276e-02 -4.0773e-02  5.9237e-02 -1.1180e-01 -5.0416e-02 -3.1151e-02 -8.9766e-02 -5.8785e-01  8.1139e-01  4.2744e-01 -2.1389e-01
   2.2601e-01 -2.4818e-01  3.3841e-01 -1.2241e-01  1.7177e-02  3.8949e-01 -3.4720e-01 -1.9944e-01  4.9251e-01 -1.2073e-01  2.4649e-01 -1.6429e-01  1.6280e-02 -3.2245e-02
Enrichment: -7.7272e+01  1.8423e+02 -1.3817e+02 -1.7003e+02  4.1205e+01 -2.0128e+02  7.3481e+01  1.7666e+01  9.6904e+00  1.3999e+01  6.1063e+01  1.6787e+01  3.7892e+02 -2.0783e+02  1.1116e+02 -3.5741e+02 -5.7071e+01  1.6065e+01  4.9590e+00 -1.6000e+02 -2.3161e+01 -7.7216e+01 -6.3866e+01  6.7591e+01 -7.0777e+00 -2.1692e+02  7.8929e+00  2.0166e+02  3.5263e+02 -1.9990e+02 -1.6876e+02 -1.0930e+00 -2.7405e+02 -4.0623e+02  1.2886e+02  4.0710e+01 -3.0466e+02  8.1537e+01 -2.2713e+01  2.7967e+00 -1.6636e+02  1.8120e+02 -4.0328e+01  6.5407e+01 -6.7073e+00 -1.2954e+02  2.2978e+02 -5.2444e+02  1.5191e+02  1.5955e+02  1.1974e+02 -1.8064e+02  1.6638e+02 -4.2796e+00 -4.4002e+02  6.3149e+00  1.9812e+01 -1.9812e+00  3.6061e+01 -4.1345e+00  2.1466e+01 -4.0067e-01  1.3880e+01  2.6675e+01  5.1777e+01 -2.5880e+00  1.4408e+00 -2.4688e+00 -3.7753e+00  2.6038e+01  2.3915e+03  9.4791e-01 -1.4704e+02 -4.4459e+01  7.9919e+01 -6.3567e+01 -2.9152e+02 -2.0696e+02 -5.5017e+01 -2.8091e+01  6.8278e+02  2.4267e+01 -2.0026e+02
   2.6045e+01 -3.3046e+02  3.4630e+02 -1.4513e+02  8.6348e+01  2.1148e+02 -6.3932e+02 -8.6275e+02  1.6701e+03 -4.2392e+02  4.9264e+02 -4.4718e+01  1.1764e+02 -1.0081e+03
Coefficients: -8.8620e-08  2.1128e-07 -1.5846e-07 -1.9501e-07  4.7257e-08 -2.3085e-07  8.4272e-08  2.0260e-08  1.1114e-08  1.6055e-08  7.0031e-08  1.9252e-08  4.3457e-07 -2.3835e-07  1.2749e-07 -4.0990e-07 -6.5452e-08  1.8424e-08  5.6873e-09 -1.8350e-07 -2.6563e-08 -8.8556e-08 -7.3246e-08  7.7517e-08 -8.1171e-09 -2.4878e-07  9.0521e-09  2.3128e-07  4.0442e-07 -2.2926e-07 -1.9354e-07 -1.2535e-09 -3.1429e-07 -4.6589e-07  1.4778e-07  4.6689e-08 -3.4941e-07  9.3512e-08 -2.6049e-08  3.2075e-09 -1.9079e-07  2.0781e-07 -4.6250e-08  7.5012e-08 -7.6924e-09 -1.4856e-07  2.6353e-07 -6.0145e-07  1.7422e-07  1.8298e-07  1.3733e-07 -2.0717e-07  1.9081e-07 -4.9081e-09 -5.0464e-07  7.2423e-09  2.2722e-08 -2.2721e-09  4.1357e-08 -4.7417e-09  2.4618e-08 -4.5951e-10  1.5919e-08  3.0593e-08  5.9381e-08 -2.9680e-09  1.6524e-09 -2.8313e-09 -4.3297e-09  2.9862e-08  2.7427e-06  1.0871e-09 -1.6863e-07 -5.0989e-08  9.1656e-08 -7.2902e-08 -3.3434e-07 -2.3736e-07 -6.3097e-08 -3.2217e-08  7.8306e-07  2.7831e-08 -2.2967e-07
   2.9870e-08 -3.7899e-07  3.9716e-07 -1.6645e-07  9.9029e-08  2.4254e-07 -7.3321e-07 -9.8945e-07  1.9153e-06 -4.8618e-07  5.6499e-07 -5.1285e-08  1.3492e-07 -1.1562e-06
Coefficient SE: 5.0954e-08 3.2963e-07 1.0721e-07 4.0269e-07 5.6793e-08 2.3194e-07 1.6391e-07 1.2341e-07 6.0195e-08 2.2824e-07 1.6755e-07 7.6827e-08 6.1185e-07 2.3853e-07 1.4179e-07 1.5112e-07 1.9488e-07 8.9070e-08 3.7340e-08 1.8833e-07 5.0373e-08 1.2246e-07 1.1515e-07 6.6301e-08 7.0826e-08 2.2547e-07 9.2086e-08 8.4355e-08 2.6280e-07 9.8334e-08 1.0280e-07 1.2033e-08 4.0122e-07 3.4455e-07 2.2787e-07 1.3266e-07 3.8902e-07 4.1387e-08 5.0431e-08 2.9667e-08 5.5548e-07 1.0814e-07 8.1544e-08 3.1777e-08 4.7068e-08 2.3020e-07 2.2612e-07 2.2761e-07 1.5893e-07 4.0222e-07 1.6732e-07 2.3132e-07 1.2366e-07 1.4521e-08 5.5290e-07 2.6638e-08 2.4782e-08 2.3264e-08 2.8894e-08 2.7534e-08 2.7745e-08 2.6310e-08 2.4899e-08 3.4817e-08 2.9920e-08 1.1961e-08 8.1871e-09 5.5154e-09 3.7566e-09 2.4142e-08 1.6585e-06 9.6447e-09 2.9691e-07 2.7874e-07 3.1746e-07 1.9824e-07 7.6996e-07 7.6414e-07 2.7304e-07 9.6894e-08 5.3434e-07 1.1094e-07 3.2599e-07 8.7202e-08 2.4107e-07 2.4166e-07 2.6753e-07 6.9783e-07 1.5093e-07 3.3939e-07
  5.7986e-07 4.9733e-07 4.9202e-07 3.9176e-07 2.9470e-08 4.5963e-07 1.7390e-06
Lambda GC: 1.071
Mean Chi^2: 1.0705
Intercept: 1.02 (0.0101)
Ratio: 0.2842 (0.1434)
Analysis finished at Wed Oct  9 16:15:21 2024
Total time elapsed: 33.74s
